# JRE version: OpenJDK Runtime Environment (11.0.13) (build 11.0.13+0-b1751.21-8125866)
# Java VM: OpenJDK 64-Bit Server VM (11.0.13+0-b1751.21-8125866, mixed mode, tiered, compressed oops, g1 gc, windows-amd64)
Heap:
 garbage-first heap   total 479232K, used 221261K [0x0000000080000000, 0x0000000100000000)
  region size 1024K, 7 young (7168K), 7 survivors (7168K)
 Metaspace       used 142021K, capacity 145446K, committed 145712K, reserved 1175552K
  class space    used 17422K, capacity 18706K, committed 18816K, reserved 1048576K
GC Heap History (20 events):
Event: 5136.617 GC heap after
{Heap after GC invocations=124 (full 0):
 garbage-first heap   total 302080K, used 200792K [0x0000000080000000, 0x0000000100000000)
  region size 1024K, 3 young (3072K), 3 survivors (3072K)
 Metaspace       used 139320K, capacity 142618K, committed 142896K, reserved 1173504K
  class space    used 17185K, capacity 18434K, committed 18560K, reserved 1048576K
}
Event: 5137.197 GC heap before
{Heap before GC invocations=124 (full 0):
 garbage-first heap   total 302080K, used 254040K [0x0000000080000000, 0x0000000100000000)
  region size 1024K, 55 young (56320K), 3 survivors (3072K)
 Metaspace       used 139631K, capacity 142863K, committed 143152K, reserved 1173504K
  class space    used 17169K, capacity 18401K, committed 18560K, reserved 1048576K
}
Event: 5137.212 GC heap after
{Heap after GC invocations=125 (full 0):
 garbage-first heap   total 302080K, used 203600K [0x0000000080000000, 0x0000000100000000)
  region size 1024K, 6 young (6144K), 6 survivors (6144K)
 Metaspace       used 139631K, capacity 142863K, committed 143152K, reserved 1173504K
  class space    used 17169K, capacity 18401K, committed 18560K, reserved 1048576K
}
Event: 5137.597 GC heap before
{Heap before GC invocations=126 (full 0):
 garbage-first heap   total 302080K, used 254800K [0x0000000080000000, 0x0000000100000000)
  region size 1024K, 57 young (58368K), 6 survivors (6144K)
 Metaspace       used 139880K, capacity 143127K, committed 143408K, reserved 1173504K
  class space    used 17192K, capacity 18403K, committed 18560K, reserved 1048576K
}
Event: 5137.618 GC heap after
{Heap after GC invocations=127 (full 0):
 garbage-first heap   total 302080K, used 203847K [0x0000000080000000, 0x0000000100000000)
  region size 1024K, 4 young (4096K), 4 survivors (4096K)
 Metaspace       used 139880K, capacity 143127K, committed 143408K, reserved 1173504K
  class space    used 17192K, capacity 18403K, committed 18560K, reserved 1048576K
}
Event: 5137.678 GC heap before
{Heap before GC invocations=127 (full 0):
 garbage-first heap   total 302080K, used 214087K [0x0000000080000000, 0x0000000100000000)
  region size 1024K, 14 young (14336K), 4 survivors (4096K)
 Metaspace       used 139986K, capacity 143293K, committed 143664K, reserved 1175552K
  class space    used 17210K, capacity 18459K, committed 18560K, reserved 1048576K
}
Event: 5137.689 GC heap after
{Heap after GC invocations=128 (full 0):
 garbage-first heap   total 302080K, used 202207K [0x0000000080000000, 0x0000000100000000)
  region size 1024K, 2 young (2048K), 2 survivors (2048K)
 Metaspace       used 139986K, capacity 143293K, committed 143664K, reserved 1175552K
  class space    used 17210K, capacity 18459K, committed 18560K, reserved 1048576K
}
Event: 5138.034 GC heap before
{Heap before GC invocations=128 (full 0):
 garbage-first heap   total 302080K, used 255455K [0x0000000080000000, 0x0000000100000000)
  region size 1024K, 55 young (56320K), 2 survivors (2048K)
 Metaspace       used 140962K, capacity 144248K, committed 144560K, reserved 1175552K
  class space    used 17331K, capacity 18583K, committed 18688K, reserved 1048576K
}
Event: 5138.039 GC heap after
{Heap after GC invocations=129 (full 0):
 garbage-first heap   total 302080K, used 201815K [0x0000000080000000, 0x0000000100000000)
  region size 1024K, 1 young (1024K), 1 survivors (1024K)
 Metaspace       used 140962K, capacity 144248K, committed 144560K, reserved 1175552K
  class space    used 17331K, capacity 18583K, committed 18688K, reserved 1048576K
}
Event: 5138.736 GC heap before
{Heap before GC invocations=130 (full 0):
 garbage-first heap   total 302080K, used 257111K [0x0000000080000000, 0x0000000100000000)
  region size 1024K, 56 young (57344K), 1 survivors (1024K)
 Metaspace       used 141657K, capacity 144971K, committed 145200K, reserved 1175552K
  class space    used 17409K, capacity 18690K, committed 18816K, reserved 1048576K
}
Event: 5138.750 GC heap after
{Heap after GC invocations=131 (full 0):
 garbage-first heap   total 398336K, used 203535K [0x0000000080000000, 0x0000000100000000)
  region size 1024K, 3 young (3072K), 3 survivors (3072K)
 Metaspace       used 141657K, capacity 144971K, committed 145200K, reserved 1175552K
  class space    used 17409K, capacity 18690K, committed 18816K, reserved 1048576K
}
Event: 5138.820 GC heap before
{Heap before GC invocations=131 (full 0):
 garbage-first heap   total 398336K, used 219919K [0x0000000080000000, 0x0000000100000000)
  region size 1024K, 19 young (19456K), 3 survivors (3072K)
 Metaspace       used 141694K, capacity 145102K, committed 145456K, reserved 1175552K
  class space    used 17410K, capacity 18690K, committed 18816K, reserved 1048576K
}
Event: 5138.831 GC heap after
{Heap after GC invocations=132 (full 0):
 garbage-first heap   total 398336K, used 203657K [0x0000000080000000, 0x0000000100000000)
  region size 1024K, 1 young (1024K), 1 survivors (1024K)
 Metaspace       used 141694K, capacity 145102K, committed 145456K, reserved 1175552K
  class space    used 17410K, capacity 18690K, committed 18816K, reserved 1048576K
}
Event: 5139.320 GC heap before
{Heap before GC invocations=132 (full 0):
 garbage-first heap   total 398336K, used 302985K [0x0000000080000000, 0x0000000100000000)
  region size 1024K, 99 young (101376K), 1 survivors (1024K)
 Metaspace       used 141765K, capacity 145182K, committed 145456K, reserved 1175552K
  class space    used 17411K, capacity 18692K, committed 18816K, reserved 1048576K
}
Event: 5139.343 GC heap after
{Heap after GC invocations=133 (full 0):
 garbage-first heap   total 398336K, used 210778K [0x0000000080000000, 0x0000000100000000)
  region size 1024K, 8 young (8192K), 8 survivors (8192K)
 Metaspace       used 141765K, capacity 145182K, committed 145456K, reserved 1175552K
  class space    used 17411K, capacity 18692K, committed 18816K, reserved 1048576K
}
Event: 5140.414 GC heap before
{Heap before GC invocations=134 (full 0):
 garbage-first heap   total 398336K, used 321370K [0x0000000080000000, 0x0000000100000000)
  region size 1024K, 116 young (118784K), 8 survivors (8192K)
 Metaspace       used 141812K, capacity 145196K, committed 145456K, reserved 1175552K
  class space    used 17413K, capacity 18695K, committed 18816K, reserved 1048576K
}
Event: 5140.434 GC heap after
{Heap after GC invocations=135 (full 0):
 garbage-first heap   total 398336K, used 216406K [0x0000000080000000, 0x0000000100000000)
  region size 1024K, 13 young (13312K), 13 survivors (13312K)
 Metaspace       used 141812K, capacity 145196K, committed 145456K, reserved 1175552K
  class space    used 17413K, capacity 18695K, committed 18816K, reserved 1048576K
}
Event: 5140.451 GC heap before
{Heap before GC invocations=135 (full 0):
 garbage-first heap   total 398336K, used 222550K [0x0000000080000000, 0x0000000100000000)
  region size 1024K, 19 young (19456K), 13 survivors (13312K)
 Metaspace       used 141818K, capacity 145196K, committed 145456K, reserved 1175552K
  class space    used 17413K, capacity 18695K, committed 18816K, reserved 1048576K
}
Event: 5140.475 GC heap after
{Heap after GC invocations=136 (full 0):
 garbage-first heap   total 398336K, used 217016K [0x0000000080000000, 0x0000000100000000)
  region size 1024K, 2 young (2048K), 2 survivors (2048K)
 Metaspace       used 141818K, capacity 145196K, committed 145456K, reserved 1175552K
  class space    used 17413K, capacity 18695K, committed 18816K, reserved 1048576K
}
Event: 5140.857 GC heap before
{Heap before GC invocations=136 (full 0):
 garbage-first heap   total 398336K, used 325560K [0x0000000080000000, 0x0000000100000000)
  region size 1024K, 108 young (110592K), 2 survivors (2048K)
 Metaspace       used 142021K, capacity 145446K, committed 145712K, reserved 1175552K
  class space    used 17422K, capacity 18706K, committed 18816K, reserved 1048576K
}

