# JRE version: OpenJDK Runtime Environment (11.0.13) (build 11.0.13+0-b1751.21-8125866)
# Java VM: OpenJDK 64-Bit Server VM (11.0.13+0-b1751.21-8125866, mixed mode, tiered, compressed oops, g1 gc, windows-amd64)
Heap:
 garbage-first heap   total 492544K, used 292863K [0x0000000080000000, 0x0000000100000000)
  region size 1024K, 133 young (136192K), 16 survivors (16384K)
 Metaspace       used 110500K, capacity 113456K, committed 113524K, reserved 1148928K
  class space    used 13957K, capacity 15122K, committed 15136K, reserved 1048576K
GC Heap History (20 events):
Event: 38.818 GC heap before
{Heap before GC invocations=73 (full 0):
 garbage-first heap   total 354304K, used 301310K [0x0000000080000000, 0x0000000100000000)
  region size 1024K, 144 young (147456K), 5 survivors (5120K)
 Metaspace       used 107976K, capacity 110653K, committed 111220K, reserved 1146880K
  class space    used 13652K, capacity 14696K, committed 14880K, reserved 1048576K
}
Event: 38.831 GC heap after
{Heap after GC invocations=74 (full 0):
 garbage-first heap   total 354304K, used 159660K [0x0000000080000000, 0x0000000100000000)
  region size 1024K, 6 young (6144K), 6 survivors (6144K)
 Metaspace       used 107976K, capacity 110653K, committed 111220K, reserved 1146880K
  class space    used 13652K, capacity 14696K, committed 14880K, reserved 1048576K
}
Event: 39.248 GC heap before
{Heap before GC invocations=74 (full 0):
 garbage-first heap   total 354304K, used 304044K [0x0000000080000000, 0x0000000100000000)
  region size 1024K, 147 young (150528K), 6 survivors (6144K)
 Metaspace       used 107978K, capacity 110653K, committed 111220K, reserved 1146880K
  class space    used 13652K, capacity 14696K, committed 14880K, reserved 1048576K
}
Event: 39.264 GC heap after
{Heap after GC invocations=75 (full 0):
 garbage-first heap   total 424960K, used 160254K [0x0000000080000000, 0x0000000100000000)
  region size 1024K, 7 young (7168K), 7 survivors (7168K)
 Metaspace       used 107978K, capacity 110653K, committed 111220K, reserved 1146880K
  class space    used 13652K, capacity 14696K, committed 14880K, reserved 1048576K
}
Event: 39.862 GC heap before
{Heap before GC invocations=75 (full 0):
 garbage-first heap   total 424960K, used 341502K [0x0000000080000000, 0x0000000100000000)
  region size 1024K, 184 young (188416K), 7 survivors (7168K)
 Metaspace       used 107986K, capacity 110653K, committed 111220K, reserved 1146880K
  class space    used 13652K, capacity 14696K, committed 14880K, reserved 1048576K
}
Event: 39.878 GC heap after
{Heap after GC invocations=76 (full 0):
 garbage-first heap   total 424960K, used 161303K [0x0000000080000000, 0x0000000100000000)
  region size 1024K, 7 young (7168K), 7 survivors (7168K)
 Metaspace       used 107986K, capacity 110653K, committed 111220K, reserved 1146880K
  class space    used 13652K, capacity 14696K, committed 14880K, reserved 1048576K
}
Event: 40.945 GC heap before
{Heap before GC invocations=76 (full 0):
 garbage-first heap   total 424960K, used 373271K [0x0000000080000000, 0x0000000100000000)
  region size 1024K, 214 young (219136K), 7 survivors (7168K)
 Metaspace       used 107997K, capacity 110656K, committed 111220K, reserved 1146880K
  class space    used 13653K, capacity 14697K, committed 14880K, reserved 1048576K
}
Event: 40.963 GC heap after
{Heap after GC invocations=77 (full 0):
 garbage-first heap   total 424960K, used 161720K [0x0000000080000000, 0x0000000100000000)
  region size 1024K, 7 young (7168K), 7 survivors (7168K)
 Metaspace       used 107997K, capacity 110656K, committed 111220K, reserved 1146880K
  class space    used 13653K, capacity 14697K, committed 14880K, reserved 1048576K
}
Event: 41.559 GC heap before
{Heap before GC invocations=77 (full 0):
 garbage-first heap   total 424960K, used 374712K [0x0000000080000000, 0x0000000100000000)
  region size 1024K, 215 young (220160K), 7 survivors (7168K)
 Metaspace       used 108040K, capacity 110748K, committed 111220K, reserved 1146880K
  class space    used 13658K, capacity 14706K, committed 14880K, reserved 1048576K
}
Event: 41.576 GC heap after
{Heap after GC invocations=78 (full 0):
 garbage-first heap   total 424960K, used 162814K [0x0000000080000000, 0x0000000100000000)
  region size 1024K, 8 young (8192K), 8 survivors (8192K)
 Metaspace       used 108040K, capacity 110748K, committed 111220K, reserved 1146880K
  class space    used 13658K, capacity 14706K, committed 14880K, reserved 1048576K
}
Event: 42.430 GC heap before
{Heap before GC invocations=78 (full 0):
 garbage-first heap   total 424960K, used 373758K [0x0000000080000000, 0x0000000100000000)
  region size 1024K, 213 young (218112K), 8 survivors (8192K)
 Metaspace       used 109807K, capacity 112728K, committed 113012K, reserved 1146880K
  class space    used 13897K, capacity 15037K, committed 15136K, reserved 1048576K
}
Event: 42.454 GC heap after
{Heap after GC invocations=79 (full 0):
 garbage-first heap   total 492544K, used 166310K [0x0000000080000000, 0x0000000100000000)
  region size 1024K, 10 young (10240K), 10 survivors (10240K)
 Metaspace       used 109807K, capacity 112728K, committed 113012K, reserved 1146880K
  class space    used 13897K, capacity 15037K, committed 15136K, reserved 1048576K
}
Event: 43.728 GC heap before
{Heap before GC invocations=79 (full 0):
 garbage-first heap   total 492544K, used 398758K [0x0000000080000000, 0x0000000100000000)
  region size 1024K, 236 young (241664K), 10 survivors (10240K)
 Metaspace       used 110131K, capacity 113063K, committed 113268K, reserved 1146880K
  class space    used 13930K, capacity 15087K, committed 15136K, reserved 1048576K
}
Event: 43.747 GC heap after
{Heap after GC invocations=80 (full 0):
 garbage-first heap   total 492544K, used 162330K [0x0000000080000000, 0x0000000100000000)
  region size 1024K, 7 young (7168K), 7 survivors (7168K)
 Metaspace       used 110131K, capacity 113063K, committed 113268K, reserved 1146880K
  class space    used 13930K, capacity 15087K, committed 15136K, reserved 1048576K
}
Event: 44.796 GC heap before
{Heap before GC invocations=80 (full 0):
 garbage-first heap   total 492544K, used 424474K [0x0000000080000000, 0x0000000100000000)
  region size 1024K, 261 young (267264K), 7 survivors (7168K)
 Metaspace       used 110211K, capacity 113199K, committed 113268K, reserved 1146880K
  class space    used 13931K, capacity 15087K, committed 15136K, reserved 1048576K
}
Event: 44.822 GC heap after
{Heap after GC invocations=81 (full 0):
 garbage-first heap   total 492544K, used 168322K [0x0000000080000000, 0x0000000100000000)
  region size 1024K, 11 young (11264K), 11 survivors (11264K)
 Metaspace       used 110211K, capacity 113199K, committed 113268K, reserved 1146880K
  class space    used 13931K, capacity 15087K, committed 15136K, reserved 1048576K
}
Event: 45.924 GC heap before
{Heap before GC invocations=81 (full 0):
 garbage-first heap   total 492544K, used 428418K [0x0000000080000000, 0x0000000100000000)
  region size 1024K, 265 young (271360K), 11 survivors (11264K)
 Metaspace       used 110377K, capacity 113366K, committed 113524K, reserved 1148928K
  class space    used 13949K, capacity 15116K, committed 15136K, reserved 1048576K
}
Event: 45.946 GC heap after
{Heap after GC invocations=82 (full 0):
 garbage-first heap   total 492544K, used 164788K [0x0000000080000000, 0x0000000100000000)
  region size 1024K, 9 young (9216K), 9 survivors (9216K)
 Metaspace       used 110377K, capacity 113366K, committed 113524K, reserved 1148928K
  class space    used 13949K, capacity 15116K, committed 15136K, reserved 1048576K
}
Event: 46.881 GC heap before
{Heap before GC invocations=82 (full 0):
 garbage-first heap   total 492544K, used 426932K [0x0000000080000000, 0x0000000100000000)
  region size 1024K, 265 young (271360K), 9 survivors (9216K)
 Metaspace       used 110488K, capacity 113452K, committed 113524K, reserved 1148928K
  class space    used 13957K, capacity 15121K, committed 15136K, reserved 1048576K
}
Event: 46.904 GC heap after
{Heap after GC invocations=83 (full 0):
 garbage-first heap   total 492544K, used 172031K [0x0000000080000000, 0x0000000100000000)
  region size 1024K, 16 young (16384K), 16 survivors (16384K)
 Metaspace       used 110488K, capacity 113452K, committed 113524K, reserved 1148928K
  class space    used 13957K, capacity 15121K, committed 15136K, reserved 1048576K
}

